<?xml version="1.0" encoding="UTF-8"?>
<testng-results ignored="0" total="0" passed="0" failed="0" skipped="0">
  <reporter-output>
    <line>
      <![CDATA[openbrowser]]>
    </line>
    <line>
      <![CDATA[login]]>
    </line>
    <line>
      <![CDATA[openbrowser]]>
    </line>
    <line>
      <![CDATA[login]]>
    </line>
    <line>
      <![CDATA[createAndDeleteUser testcase has been failed]]>
    </line>
    <line>
      <![CDATA[createAndDeleteUser testcase has been failed]]>
    </line>
    <line>
      <![CDATA[closebrowser]]>
    </line>
    <line>
      <![CDATA[createAndDeleteCustomer testcase has been failed]]>
    </line>
    <line>
      <![CDATA[createAndDeleteCustomer testcase has been failed]]>
    </line>
    <line>
      <![CDATA[closebrowser]]>
    </line>
  </reporter-output>
  <suite started-at="2023-12-27T13:39:15 IST" name="Suite" finished-at="2023-12-27T13:39:15 IST" duration-ms="0">
    <groups>
    </groups>
  </suite> <!-- Suite -->
</testng-results>
