<?xml version="1.0" encoding="UTF-8"?>
<!-- Generated by org.testng.reporters.JUnitXMLReporter -->
<testsuite ignored="2" hostname="DESKTOP-9QNQ3PS" failures="0" tests="2" name="Default test" time="71.227" errors="0" timestamp="2023-12-26T15:41:18 IST">
  <testcase classname="com.actitime.testscript.CustomerModule" name="createAndDeleteCustomer" time="20.877"/>
  <testcase classname="com.actitime.testscript.UserModule" name="createAndDeleteUser" time="38.686"/>
  <testcase classname="com.actitime.generic.Baseclass" name="@BeforeTest openbrowser" time="0.0">
    <ignored/>
  </testcase> <!-- @BeforeTest openbrowser -->
  <testcase classname="com.actitime.generic.Baseclass" name="@AfterTest closebrowser" time="0.0">
    <ignored/>
  </testcase> <!-- @AfterTest closebrowser -->
</testsuite> <!-- Default test -->
